<?xml version="1.0" encoding="UTF-8"?>
<!-- Generated by org.testng.reporters.JUnitReportReporter -->
<testsuite hostname="DESKTOP-C124IV1" name="com.flipkart.test.AddToCartTest" tests="26" failures="0" timestamp="24 Feb 2021 08:13:42 GMT" time="51.863" errors="0">
  <testcase name="verifyProductDisplayed" time="6.953" classname="com.flipkart.test.AddToCartTest"/>
  <testcase name="verifyCartButtonDisplayed" time="0.048" classname="com.flipkart.test.AddToCartTest"/>
  <testcase name="quit" time="1.182" classname="com.flipkart.test.AddToCartTest"/>
  <testcase name="verifyAddToCartBtnDisplayed" time="1.231" classname="com.flipkart.test.AddToCartTest"/>
  <testcase name="verifyAddToCart" time="0.247" classname="com.flipkart.test.AddToCartTest"/>
  <testcase name="verifyCloseBrowser" time="0.309" classname="com.flipkart.test.AddToCartTest"/>
  <testcase name="verifylogout" time="3.277" classname="com.flipkart.test.AddToCartTest"/>
  <testcase name="verifyProductSearch" time="3.407" classname="com.flipkart.test.AddToCartTest"/>
  <testcase name="verifyRemoveFromCart" time="5.834" classname="com.flipkart.test.AddToCartTest"/>
  <testcase name="verifyAddToCart" time="0.130" classname="com.flipkart.test.AddToCartTest"/>
  <testcase name="verifyProductDisplayed" time="10.232" classname="com.flipkart.test.AddToCartTest"/>
  <testcase name="verifyRemoveFromCart" time="5.522" classname="com.flipkart.test.AddToCartTest"/>
  <testcase name="verifyProductSearch" time="3.664" classname="com.flipkart.test.AddToCartTest"/>
  <testcase name="verifySearchBoxAvailability" time="1.150" classname="com.flipkart.test.AddToCartTest"/>
  <testcase name="verifyAddToCartBtnDisplayed" time="0.863" classname="com.flipkart.test.AddToCartTest"/>
  <testcase name="verifylogout" time="4.321" classname="com.flipkart.test.AddToCartTest"/>
  <testcase name="verifySearchBtnAvailability" time="0.063" classname="com.flipkart.test.AddToCartTest"/>
  <testcase name="verifySearchBoxAvailability" time="1.076" classname="com.flipkart.test.AddToCartTest"/>
  <testcase name="verifyMyAccountDisplayed" time="0.128" classname="com.flipkart.test.AddToCartTest"/>
  <testcase name="verifySearchBtnAvailability" time="0.110" classname="com.flipkart.test.AddToCartTest"/>
  <testcase name="verifyBuyNowBtnDisplayed" time="0.099" classname="com.flipkart.test.AddToCartTest"/>
  <testcase name="verifyCloseBrowser" time="0.668" classname="com.flipkart.test.AddToCartTest"/>
  <testcase name="quit" time="1.091" classname="com.flipkart.test.AddToCartTest"/>
  <testcase name="verifyCartButtonDisplayed" time="0.109" classname="com.flipkart.test.AddToCartTest"/>
  <testcase name="verifyMyAccountDisplayed" time="0.079" classname="com.flipkart.test.AddToCartTest"/>
  <testcase name="verifyBuyNowBtnDisplayed" time="0.070" classname="com.flipkart.test.AddToCartTest"/>
</testsuite> <!-- com.flipkart.test.AddToCartTest -->
