<?xml version="1.0" encoding="UTF-8"?>
<!-- Generated by org.testng.reporters.JUnitReportReporter -->
<testsuite hostname="DESKTOP-C124IV1" name="com.flipkart.test.LoginTest" tests="4" failures="0" timestamp="24 Feb 2021 08:13:42 GMT" time="30.528" errors="0">
  <testcase name="validlogin" time="3.702" classname="com.flipkart.test.LoginTest"/>
  <testcase name="validlogin" time="4.922" classname="com.flipkart.test.LoginTest"/>
  <testcase name="verifyUrl" time="9.914" classname="com.flipkart.test.LoginTest"/>
  <testcase name="verifyUrl" time="11.990" classname="com.flipkart.test.LoginTest"/>
</testsuite> <!-- com.flipkart.test.LoginTest -->
