<?xml version="1.0" encoding="UTF-8"?>
<!-- Generated by org.testng.reporters.JUnitReportReporter -->
<testsuite hostname="PRINHYLTPDL1296" name="com.flipkart.test.LoginTest" tests="4" failures="0" timestamp="11 Feb 2021 13:02:50 GMT" time="145.649" errors="0">
  <testcase name="verifyCloseBrowser" time="0.054" classname="com.flipkart.test.LoginTest"/>
  <testcase name="validlogin" time="44.916" classname="com.flipkart.test.LoginTest"/>
  <testcase name="verifylogout" time="49.239" classname="com.flipkart.test.LoginTest"/>
  <testcase name="verifyUrl" time="51.440" classname="com.flipkart.test.LoginTest"/>
</testsuite> <!-- com.flipkart.test.LoginTest -->
